build/app/intermediates/manifest_merge_blame_file/debug/processDebugMainManifest/manifest-merger-blame-debug-report.txt
1<?xml version="1.0" encoding="utf-8"?>
2<manifest xmlns:android="http://schemas.android.com/apk/res/android"
3    package="com.heybaxidriver.vr"
4    android:versionCode="1"
5    android:versionName="1.0.0" >
6
7    <uses-sdk
8        android:minSdkVersion="23"
9        android:targetSdkVersion="35" />
10    <!--
11         The INTERNET permission is required for development. Specifically,
12         the Flutter tool needs it to communicate with the running application
13         to allow setting breakpoints, to provide hot reload, etc.
14    -->
15    <uses-permission android:name="android.permission.INTERNET" />
15-->src/main/AndroidManifest.xml:3:5-66
15-->src/main/AndroidManifest.xml:3:22-64
16    <uses-permission android:name="android.permission.ACCESS_FINE_LOCATION" />
16-->src/main/AndroidManifest.xml:4:5-79
16-->src/main/AndroidManifest.xml:4:22-76
17    <uses-permission android:name="android.permission.ACCESS_COARSE_LOCATION" />
17-->src/main/AndroidManifest.xml:5:5-81
17-->src/main/AndroidManifest.xml:5:22-78
18    <uses-permission android:name="android.permission.FOREGROUND_SERVICE" />
18-->src/main/AndroidManifest.xml:6:5-77
18-->src/main/AndroidManifest.xml:6:22-74
19    <uses-permission android:name="android.permission.ACCESS_BACKGROUND_LOCATION" />
19-->src/main/AndroidManifest.xml:7:5-84
19-->src/main/AndroidManifest.xml:7:22-82
20    <uses-permission android:name="android.permission.WRITE_EXTERNAL_STORAGE" />
20-->src/main/AndroidManifest.xml:8:5-80
20-->src/main/AndroidManifest.xml:8:22-78
21    <uses-permission android:name="android.permission.READ_EXTERNAL_STORAGE" />
21-->src/main/AndroidManifest.xml:9:5-79
21-->src/main/AndroidManifest.xml:9:22-77
22    <uses-permission android:name="android.permission.POST_NOTIFICATIONS" />
22-->src/main/AndroidManifest.xml:10:5-76
22-->src/main/AndroidManifest.xml:10:22-74
23
24    <queries>
24-->src/main/AndroidManifest.xml:12:5-25:15
25        <intent>
25-->src/main/AndroidManifest.xml:13:9-16:18
26            <action android:name="android.intent.action.VIEW" />
26-->src/main/AndroidManifest.xml:14:13-65
26-->src/main/AndroidManifest.xml:14:21-62
27
28            <data android:scheme="https" />
28-->src/main/AndroidManifest.xml:15:13-44
28-->src/main/AndroidManifest.xml:15:19-41
29        </intent>
30        <intent>
30-->src/main/AndroidManifest.xml:17:9-20:18
31            <action android:name="android.intent.action.DIAL" />
31-->src/main/AndroidManifest.xml:18:13-65
31-->src/main/AndroidManifest.xml:18:21-62
32
33            <data android:scheme="tel" />
33-->src/main/AndroidManifest.xml:15:13-44
33-->src/main/AndroidManifest.xml:15:19-41
34        </intent>
35        <intent>
35-->src/main/AndroidManifest.xml:21:9-24:18
36            <action android:name="android.intent.action.SEND" />
36-->src/main/AndroidManifest.xml:22:13-65
36-->src/main/AndroidManifest.xml:22:21-62
37
38            <data android:mimeType="*/*" />
38-->src/main/AndroidManifest.xml:15:13-44
39        </intent>
40        <intent>
40-->[:flutter_downloader] AndroidManifest.xml:9:9-11:18
41            <action android:name="android.intent.action.VIEW" />
41-->src/main/AndroidManifest.xml:14:13-65
41-->src/main/AndroidManifest.xml:14:21-62
42        </intent>
43        <intent>
43-->[:flutter_inappwebview_android] AndroidManifest.xml:8:9-10:18
44            <action android:name="android.support.customtabs.action.CustomTabsService" />
44-->[:flutter_inappwebview_android] AndroidManifest.xml:9:13-90
44-->[:flutter_inappwebview_android] AndroidManifest.xml:9:21-87
45        </intent>
46        <intent>
46-->[:file_picker] AndroidManifest.xml:8:9-12:18
47            <action android:name="android.intent.action.GET_CONTENT" />
47-->[:file_picker] AndroidManifest.xml:9:13-72
47-->[:file_picker] AndroidManifest.xml:9:21-69
48
49            <data android:mimeType="*/*" />
49-->src/main/AndroidManifest.xml:15:13-44
50        </intent> <!-- Needs to be explicitly declared on Android R+ -->
51        <package android:name="com.google.android.apps.maps" />
51-->[com.google.android.gms:play-services-maps:18.2.0] AndroidManifest.xml:33:9-64
51-->[com.google.android.gms:play-services-maps:18.2.0] AndroidManifest.xml:33:18-61
52    </queries>
53
54    <uses-permission android:name="android.permission.VIBRATE" />
54-->[:flutter_local_notifications] AndroidManifest.xml:7:5-66
54-->[:flutter_local_notifications] AndroidManifest.xml:7:22-63
55    <uses-permission android:name="android.permission.ACCESS_NETWORK_STATE" />
55-->[:connectivity_plus] AndroidManifest.xml:7:5-79
55-->[:connectivity_plus] AndroidManifest.xml:7:22-76
56    <uses-permission android:name="android.permission.WAKE_LOCK" />
56-->[:firebase_messaging] AndroidManifest.xml:8:5-68
56-->[:firebase_messaging] AndroidManifest.xml:8:22-65
57    <uses-permission android:name="android.permission.RECEIVE_BOOT_COMPLETED" />
57-->[androidx.work:work-runtime:2.9.0] AndroidManifest.xml:25:5-81
57-->[androidx.work:work-runtime:2.9.0] AndroidManifest.xml:25:22-78
58
59    <uses-feature
59-->[com.google.android.gms:play-services-maps:18.2.0] AndroidManifest.xml:26:5-28:35
60        android:glEsVersion="0x00020000"
60-->[com.google.android.gms:play-services-maps:18.2.0] AndroidManifest.xml:27:9-41
61        android:required="true" /> <!-- Required by older versions of Google Play services to create IID tokens -->
61-->[com.google.android.gms:play-services-maps:18.2.0] AndroidManifest.xml:28:9-32
62    <uses-permission android:name="com.google.android.c2dm.permission.RECEIVE" />
62-->[com.google.firebase:firebase-messaging:24.1.0] AndroidManifest.xml:26:5-82
62-->[com.google.firebase:firebase-messaging:24.1.0] AndroidManifest.xml:26:22-79
63    <uses-permission android:name="com.google.android.gms.permission.AD_ID" />
63-->[com.google.android.gms:play-services-measurement-api:22.1.2] AndroidManifest.xml:25:5-79
63-->[com.google.android.gms:play-services-measurement-api:22.1.2] AndroidManifest.xml:25:22-76
64    <uses-permission android:name="android.permission.ACCESS_ADSERVICES_ATTRIBUTION" />
64-->[com.google.android.gms:play-services-measurement-api:22.1.2] AndroidManifest.xml:26:5-88
64-->[com.google.android.gms:play-services-measurement-api:22.1.2] AndroidManifest.xml:26:22-85
65    <uses-permission android:name="android.permission.ACCESS_ADSERVICES_AD_ID" />
65-->[com.google.android.gms:play-services-measurement-api:22.1.2] AndroidManifest.xml:27:5-82
65-->[com.google.android.gms:play-services-measurement-api:22.1.2] AndroidManifest.xml:27:22-79
66    <uses-permission android:name="com.google.android.finsky.permission.BIND_GET_INSTALL_REFERRER_SERVICE" />
66-->[com.google.android.gms:play-services-measurement:22.1.2] AndroidManifest.xml:26:5-110
66-->[com.google.android.gms:play-services-measurement:22.1.2] AndroidManifest.xml:26:22-107
67    <uses-permission android:name="com.google.android.providers.gsf.permission.READ_GSERVICES" />
67-->[com.google.android.recaptcha:recaptcha:18.5.1] AndroidManifest.xml:9:5-98
67-->[com.google.android.recaptcha:recaptcha:18.5.1] AndroidManifest.xml:9:22-95
68
69    <permission
69-->[androidx.core:core:1.13.1] AndroidManifest.xml:22:5-24:47
70        android:name="com.heybaxidriver.vr.DYNAMIC_RECEIVER_NOT_EXPORTED_PERMISSION"
70-->[androidx.core:core:1.13.1] AndroidManifest.xml:23:9-81
71        android:protectionLevel="signature" />
71-->[androidx.core:core:1.13.1] AndroidManifest.xml:24:9-44
72
73    <uses-permission android:name="com.heybaxidriver.vr.DYNAMIC_RECEIVER_NOT_EXPORTED_PERMISSION" />
73-->[androidx.core:core:1.13.1] AndroidManifest.xml:26:5-97
73-->[androidx.core:core:1.13.1] AndroidManifest.xml:26:22-94
74
75    <application
76        android:name="android.app.Application"
77        android:allowBackup="false"
78        android:appComponentFactory="androidx.core.app.CoreComponentFactory"
78-->[androidx.core:core:1.13.1] AndroidManifest.xml:28:18-86
79        android:debuggable="true"
80        android:extractNativeLibs="true"
81        android:fullBackupOnly="false"
82        android:icon="@mipmap/ic_launcher"
83        android:label="Hey Baxi Driver"
84        android:requestLegacyExternalStorage="true" >
85        <meta-data
86            android:name="com.google.android.geo.API_KEY"
87            android:value="AIzaSyD3Zqpw5cCITDf22Zz1FWuRaWLxE0eWKXU" />
88        <meta-data
89            android:name="com.google.android.gms.version"
90            android:value="@integer/google_play_services_version" />
91        <!-- Necessary for apps that target Android 9.0 or higher -->
92        <uses-library
93            android:name="org.apache.http.legacy"
94            android:required="false" />
95
96        <activity
97            android:name="com.heybaxidriver.vr.MainActivity"
98            android:configChanges="orientation|keyboardHidden|keyboard|screenSize|smallestScreenSize|locale|layoutDirection|fontScale|screenLayout|density|uiMode"
99            android:exported="true"
100            android:hardwareAccelerated="true"
101            android:launchMode="singleTop"
102            android:theme="@style/LaunchTheme"
103            android:windowSoftInputMode="adjustResize" >
104            <meta-data
105                android:name="io.flutter.embedding.android.NormalTheme"
106                android:resource="@style/NormalTheme" />
107            <meta-data
108                android:name="com.google.firebase.messaging.default_notification_channel_id"
109                android:value="6amTech" />
110
111            <intent-filter>
112                <action android:name="android.intent.action.MAIN" />
113
114                <category android:name="android.intent.category.LAUNCHER" />
115            </intent-filter>
116        </activity>
117
118        <meta-data
119            android:name="flutterEmbedding"
120            android:value="2" />
121        <meta-data
122            android:name="com.google.firebase.messaging.default_notification_channel_id"
123            android:value="hexaride" />
124
125        <provider
126            android:name="vn.hunghd.flutterdownloader.DownloadedFileProvider"
127            android:authorities="com.heybaxidriver.vr.flutter_downloader.provider"
128            android:exported="false"
129            android:grantUriPermissions="true" >
130            <meta-data
130-->[:share_plus] AndroidManifest.xml:18:13-20:68
131                android:name="android.support.FILE_PROVIDER_PATHS"
131-->[:share_plus] AndroidManifest.xml:19:17-67
132                android:resource="@xml/provider_paths" />
132-->[:share_plus] AndroidManifest.xml:20:17-65
133        </provider>
134
135        <service
135-->[:location] AndroidManifest.xml:11:9-15:56
136            android:name="com.lyokone.location.FlutterLocationService"
136-->[:location] AndroidManifest.xml:12:13-71
137            android:enabled="true"
137-->[:location] AndroidManifest.xml:13:13-35
138            android:exported="false"
138-->[:location] AndroidManifest.xml:14:13-37
139            android:foregroundServiceType="location" />
139-->[:location] AndroidManifest.xml:15:13-53
140        <!--
141           Declares a provider which allows us to store files to share in
142           '.../caches/share_plus' and grant the receiving action access
143        -->
144        <provider
144-->[:share_plus] AndroidManifest.xml:13:9-21:20
145            android:name="dev.fluttercommunity.plus.share.ShareFileProvider"
145-->[:share_plus] AndroidManifest.xml:14:13-77
146            android:authorities="com.heybaxidriver.vr.flutter.share_provider"
146-->[:share_plus] AndroidManifest.xml:15:13-74
147            android:exported="false"
147-->[:share_plus] AndroidManifest.xml:16:13-37
148            android:grantUriPermissions="true" >
148-->[:share_plus] AndroidManifest.xml:17:13-47
149            <meta-data
149-->[:share_plus] AndroidManifest.xml:18:13-20:68
150                android:name="android.support.FILE_PROVIDER_PATHS"
150-->[:share_plus] AndroidManifest.xml:19:17-67
151                android:resource="@xml/flutter_share_file_paths" />
151-->[:share_plus] AndroidManifest.xml:20:17-65
152        </provider>
153        <!--
154           This manifest declared broadcast receiver allows us to use an explicit
155           Intent when creating a PendingItent to be informed of the user's choice
156        -->
157        <receiver
157-->[:share_plus] AndroidManifest.xml:26:9-32:20
158            android:name="dev.fluttercommunity.plus.share.SharePlusPendingIntent"
158-->[:share_plus] AndroidManifest.xml:27:13-82
159            android:exported="false" >
159-->[:share_plus] AndroidManifest.xml:28:13-37
160            <intent-filter>
160-->[:share_plus] AndroidManifest.xml:29:13-31:29
161                <action android:name="EXTRA_CHOSEN_COMPONENT" />
161-->[:share_plus] AndroidManifest.xml:30:17-65
161-->[:share_plus] AndroidManifest.xml:30:25-62
162            </intent-filter>
163        </receiver>
164
165        <activity
165-->[:flutter_inappwebview_android] AndroidManifest.xml:14:9-18:47
166            android:name="com.pichillilorenzo.flutter_inappwebview_android.in_app_browser.InAppBrowserActivity"
166-->[:flutter_inappwebview_android] AndroidManifest.xml:15:13-112
167            android:configChanges="orientation|keyboardHidden|keyboard|screenSize|locale|layoutDirection|fontScale|screenLayout|density"
167-->[:flutter_inappwebview_android] AndroidManifest.xml:16:13-137
168            android:exported="false"
168-->[:flutter_inappwebview_android] AndroidManifest.xml:17:13-37
169            android:theme="@style/AppTheme" />
169-->[:flutter_inappwebview_android] AndroidManifest.xml:18:13-44
170        <activity
170-->[:flutter_inappwebview_android] AndroidManifest.xml:19:9-22:55
171            android:name="com.pichillilorenzo.flutter_inappwebview_android.chrome_custom_tabs.ChromeCustomTabsActivity"
171-->[:flutter_inappwebview_android] AndroidManifest.xml:20:13-120
172            android:exported="false"
172-->[:flutter_inappwebview_android] AndroidManifest.xml:21:13-37
173            android:theme="@style/ThemeTransparent" />
173-->[:flutter_inappwebview_android] AndroidManifest.xml:22:13-52
174        <activity
174-->[:flutter_inappwebview_android] AndroidManifest.xml:23:9-26:55
175            android:name="com.pichillilorenzo.flutter_inappwebview_android.chrome_custom_tabs.TrustedWebActivity"
175-->[:flutter_inappwebview_android] AndroidManifest.xml:24:13-114
176            android:exported="false"
176-->[:flutter_inappwebview_android] AndroidManifest.xml:25:13-37
177            android:theme="@style/ThemeTransparent" />
177-->[:flutter_inappwebview_android] AndroidManifest.xml:26:13-52
178        <activity
178-->[:flutter_inappwebview_android] AndroidManifest.xml:27:9-31:55
179            android:name="com.pichillilorenzo.flutter_inappwebview_android.chrome_custom_tabs.ChromeCustomTabsActivitySingleInstance"
179-->[:flutter_inappwebview_android] AndroidManifest.xml:28:13-134
180            android:exported="false"
180-->[:flutter_inappwebview_android] AndroidManifest.xml:29:13-37
181            android:launchMode="singleInstance"
181-->[:flutter_inappwebview_android] AndroidManifest.xml:30:13-48
182            android:theme="@style/ThemeTransparent" />
182-->[:flutter_inappwebview_android] AndroidManifest.xml:31:13-52
183        <activity
183-->[:flutter_inappwebview_android] AndroidManifest.xml:32:9-36:55
184            android:name="com.pichillilorenzo.flutter_inappwebview_android.chrome_custom_tabs.TrustedWebActivitySingleInstance"
184-->[:flutter_inappwebview_android] AndroidManifest.xml:33:13-128
185            android:exported="false"
185-->[:flutter_inappwebview_android] AndroidManifest.xml:34:13-37
186            android:launchMode="singleInstance"
186-->[:flutter_inappwebview_android] AndroidManifest.xml:35:13-48
187            android:theme="@style/ThemeTransparent" />
187-->[:flutter_inappwebview_android] AndroidManifest.xml:36:13-52
188
189        <receiver
189-->[:flutter_inappwebview_android] AndroidManifest.xml:38:9-41:40
190            android:name="com.pichillilorenzo.flutter_inappwebview_android.chrome_custom_tabs.ActionBroadcastReceiver"
190-->[:flutter_inappwebview_android] AndroidManifest.xml:39:13-119
191            android:enabled="true"
191-->[:flutter_inappwebview_android] AndroidManifest.xml:40:13-35
192            android:exported="false" />
192-->[:flutter_inappwebview_android] AndroidManifest.xml:41:13-37
193
194        <meta-data
194-->[:flutter_inappwebview_android] AndroidManifest.xml:43:9-45:36
195            android:name="io.flutter.embedded_views_preview"
195-->[:flutter_inappwebview_android] AndroidManifest.xml:44:13-61
196            android:value="true" />
196-->[:flutter_inappwebview_android] AndroidManifest.xml:45:13-33
197
198        <provider
198-->[:open_file_android] AndroidManifest.xml:9:9-19:20
199            android:name="com.crazecoder.openfile.FileProvider"
199-->[:open_file_android] AndroidManifest.xml:10:13-64
200            android:authorities="com.heybaxidriver.vr.fileProvider.com.crazecoder.openfile"
200-->[:open_file_android] AndroidManifest.xml:11:13-88
201            android:exported="false"
201-->[:open_file_android] AndroidManifest.xml:12:13-37
202            android:grantUriPermissions="true"
202-->[:open_file_android] AndroidManifest.xml:13:13-47
203            android:requestLegacyExternalStorage="true" >
203-->[:open_file_android] AndroidManifest.xml:14:13-56
204            <meta-data
204-->[:share_plus] AndroidManifest.xml:18:13-20:68
205                android:name="android.support.FILE_PROVIDER_PATHS"
205-->[:share_plus] AndroidManifest.xml:19:17-67
206                android:resource="@xml/filepaths" />
206-->[:share_plus] AndroidManifest.xml:20:17-65
207        </provider>
208
209        <service
209-->[:geolocator_android] AndroidManifest.xml:8:9-12:56
210            android:name="com.baseflow.geolocator.GeolocatorLocationService"
210-->[:geolocator_android] AndroidManifest.xml:9:13-77
211            android:enabled="true"
211-->[:geolocator_android] AndroidManifest.xml:10:13-35
212            android:exported="false"
212-->[:geolocator_android] AndroidManifest.xml:11:13-37
213            android:foregroundServiceType="location" />
213-->[:geolocator_android] AndroidManifest.xml:12:13-53
214
215        <provider
215-->[:image_picker_android] AndroidManifest.xml:9:9-17:20
216            android:name="io.flutter.plugins.imagepicker.ImagePickerFileProvider"
216-->[:image_picker_android] AndroidManifest.xml:10:13-82
217            android:authorities="com.heybaxidriver.vr.flutter.image_provider"
217-->[:image_picker_android] AndroidManifest.xml:11:13-74
218            android:exported="false"
218-->[:image_picker_android] AndroidManifest.xml:12:13-37
219            android:grantUriPermissions="true" >
219-->[:image_picker_android] AndroidManifest.xml:13:13-47
220            <meta-data
220-->[:share_plus] AndroidManifest.xml:18:13-20:68
221                android:name="android.support.FILE_PROVIDER_PATHS"
221-->[:share_plus] AndroidManifest.xml:19:17-67
222                android:resource="@xml/flutter_image_picker_file_paths" />
222-->[:share_plus] AndroidManifest.xml:20:17-65
223        </provider> <!-- Trigger Google Play services to install the backported photo picker module. -->
224        <service
224-->[:image_picker_android] AndroidManifest.xml:19:9-31:19
225            android:name="com.google.android.gms.metadata.ModuleDependencies"
225-->[:image_picker_android] AndroidManifest.xml:20:13-78
226            android:enabled="false"
226-->[:image_picker_android] AndroidManifest.xml:21:13-36
227            android:exported="false" >
227-->[:image_picker_android] AndroidManifest.xml:22:13-37
228            <intent-filter>
228-->[:image_picker_android] AndroidManifest.xml:24:13-26:29
229                <action android:name="com.google.android.gms.metadata.MODULE_DEPENDENCIES" />
229-->[:image_picker_android] AndroidManifest.xml:25:17-94
229-->[:image_picker_android] AndroidManifest.xml:25:25-91
230            </intent-filter>
231
232            <meta-data
232-->[:image_picker_android] AndroidManifest.xml:28:13-30:36
233                android:name="photopicker_activity:0:required"
233-->[:image_picker_android] AndroidManifest.xml:29:17-63
234                android:value="" />
234-->[:image_picker_android] AndroidManifest.xml:30:17-33
235        </service>
236
237        <activity
237-->[:url_launcher_android] AndroidManifest.xml:8:9-11:74
238            android:name="io.flutter.plugins.urllauncher.WebViewActivity"
238-->[:url_launcher_android] AndroidManifest.xml:9:13-74
239            android:exported="false"
239-->[:url_launcher_android] AndroidManifest.xml:10:13-37
240            android:theme="@android:style/Theme.NoTitleBar.Fullscreen" />
240-->[:url_launcher_android] AndroidManifest.xml:11:13-71
241
242        <service
242-->[:firebase_auth] AndroidManifest.xml:8:9-12:19
243            android:name="com.google.firebase.components.ComponentDiscoveryService"
243-->[:firebase_auth] AndroidManifest.xml:8:18-89
244            android:directBootAware="true"
244-->[com.google.firebase:firebase-common:21.0.0] AndroidManifest.xml:32:13-43
245            android:exported="false" >
245-->[com.google.firebase:firebase-auth:23.1.0] AndroidManifest.xml:68:13-37
246            <meta-data
246-->[:firebase_auth] AndroidManifest.xml:9:13-11:85
247                android:name="com.google.firebase.components:io.flutter.plugins.firebase.auth.FlutterFirebaseAuthRegistrar"
247-->[:firebase_auth] AndroidManifest.xml:10:17-124
248                android:value="com.google.firebase.components.ComponentRegistrar" />
248-->[:firebase_auth] AndroidManifest.xml:11:17-82
249            <meta-data
249-->[:firebase_crashlytics] AndroidManifest.xml:9:13-11:85
250                android:name="com.google.firebase.components:io.flutter.plugins.firebase.crashlytics.FlutterFirebaseAppRegistrar"
250-->[:firebase_crashlytics] AndroidManifest.xml:10:17-130
251                android:value="com.google.firebase.components.ComponentRegistrar" />
251-->[:firebase_crashlytics] AndroidManifest.xml:11:17-82
252            <meta-data
252-->[:firebase_messaging] AndroidManifest.xml:36:13-38:85
253                android:name="com.google.firebase.components:io.flutter.plugins.firebase.messaging.FlutterFirebaseAppRegistrar"
253-->[:firebase_messaging] AndroidManifest.xml:37:17-128
254                android:value="com.google.firebase.components.ComponentRegistrar" />
254-->[:firebase_messaging] AndroidManifest.xml:38:17-82
255            <meta-data
255-->[:firebase_core] AndroidManifest.xml:9:13-11:85
256                android:name="com.google.firebase.components:io.flutter.plugins.firebase.core.FlutterFirebaseCoreRegistrar"
256-->[:firebase_core] AndroidManifest.xml:10:17-124
257                android:value="com.google.firebase.components.ComponentRegistrar" />
257-->[:firebase_core] AndroidManifest.xml:11:17-82
258            <meta-data
258-->[com.google.firebase:firebase-auth:23.1.0] AndroidManifest.xml:69:13-71:85
259                android:name="com.google.firebase.components:com.google.firebase.auth.FirebaseAuthRegistrar"
259-->[com.google.firebase:firebase-auth:23.1.0] AndroidManifest.xml:70:17-109
260                android:value="com.google.firebase.components.ComponentRegistrar" />
260-->[com.google.firebase:firebase-auth:23.1.0] AndroidManifest.xml:71:17-82
261            <meta-data
261-->[com.google.firebase:firebase-messaging:24.1.0] AndroidManifest.xml:57:13-59:85
262                android:name="com.google.firebase.components:com.google.firebase.messaging.FirebaseMessagingKtxRegistrar"
262-->[com.google.firebase:firebase-messaging:24.1.0] AndroidManifest.xml:58:17-122
263                android:value="com.google.firebase.components.ComponentRegistrar" />
263-->[com.google.firebase:firebase-messaging:24.1.0] AndroidManifest.xml:59:17-82
264            <meta-data
264-->[com.google.firebase:firebase-messaging:24.1.0] AndroidManifest.xml:60:13-62:85
265                android:name="com.google.firebase.components:com.google.firebase.messaging.FirebaseMessagingRegistrar"
265-->[com.google.firebase:firebase-messaging:24.1.0] AndroidManifest.xml:61:17-119
266                android:value="com.google.firebase.components.ComponentRegistrar" />
266-->[com.google.firebase:firebase-messaging:24.1.0] AndroidManifest.xml:62:17-82
267            <meta-data
267-->[com.google.firebase:firebase-crashlytics:19.3.0] AndroidManifest.xml:15:13-17:85
268                android:name="com.google.firebase.components:com.google.firebase.crashlytics.FirebaseCrashlyticsKtxRegistrar"
268-->[com.google.firebase:firebase-crashlytics:19.3.0] AndroidManifest.xml:16:17-126
269                android:value="com.google.firebase.components.ComponentRegistrar" />
269-->[com.google.firebase:firebase-crashlytics:19.3.0] AndroidManifest.xml:17:17-82
270            <meta-data
270-->[com.google.firebase:firebase-crashlytics:19.3.0] AndroidManifest.xml:18:13-20:85
271                android:name="com.google.firebase.components:com.google.firebase.crashlytics.CrashlyticsRegistrar"
271-->[com.google.firebase:firebase-crashlytics:19.3.0] AndroidManifest.xml:19:17-115
272                android:value="com.google.firebase.components.ComponentRegistrar" />
272-->[com.google.firebase:firebase-crashlytics:19.3.0] AndroidManifest.xml:20:17-82
273            <meta-data
273-->[com.google.android.gms:play-services-measurement-api:22.1.2] AndroidManifest.xml:37:13-39:85
274                android:name="com.google.firebase.components:com.google.firebase.analytics.connector.internal.AnalyticsConnectorRegistrar"
274-->[com.google.android.gms:play-services-measurement-api:22.1.2] AndroidManifest.xml:38:17-139
275                android:value="com.google.firebase.components.ComponentRegistrar" />
275-->[com.google.android.gms:play-services-measurement-api:22.1.2] AndroidManifest.xml:39:17-82
276            <meta-data
276-->[com.google.firebase:firebase-sessions:2.0.7] AndroidManifest.xml:29:13-31:85
277                android:name="com.google.firebase.components:com.google.firebase.sessions.FirebaseSessionsRegistrar"
277-->[com.google.firebase:firebase-sessions:2.0.7] AndroidManifest.xml:30:17-117
278                android:value="com.google.firebase.components.ComponentRegistrar" />
278-->[com.google.firebase:firebase-sessions:2.0.7] AndroidManifest.xml:31:17-82
279            <meta-data
279-->[com.google.firebase:firebase-installations:18.0.0] AndroidManifest.xml:15:13-17:85
280                android:name="com.google.firebase.components:com.google.firebase.installations.FirebaseInstallationsKtxRegistrar"
280-->[com.google.firebase:firebase-installations:18.0.0] AndroidManifest.xml:16:17-130
281                android:value="com.google.firebase.components.ComponentRegistrar" />
281-->[com.google.firebase:firebase-installations:18.0.0] AndroidManifest.xml:17:17-82
282            <meta-data
282-->[com.google.firebase:firebase-installations:18.0.0] AndroidManifest.xml:18:13-20:85
283                android:name="com.google.firebase.components:com.google.firebase.installations.FirebaseInstallationsRegistrar"
283-->[com.google.firebase:firebase-installations:18.0.0] AndroidManifest.xml:19:17-127
284                android:value="com.google.firebase.components.ComponentRegistrar" />
284-->[com.google.firebase:firebase-installations:18.0.0] AndroidManifest.xml:20:17-82
285            <meta-data
285-->[com.google.firebase:firebase-common-ktx:21.0.0] AndroidManifest.xml:12:13-14:85
286                android:name="com.google.firebase.components:com.google.firebase.ktx.FirebaseCommonLegacyRegistrar"
286-->[com.google.firebase:firebase-common-ktx:21.0.0] AndroidManifest.xml:13:17-116
287                android:value="com.google.firebase.components.ComponentRegistrar" />
287-->[com.google.firebase:firebase-common-ktx:21.0.0] AndroidManifest.xml:14:17-82
288            <meta-data
288-->[com.google.firebase:firebase-common:21.0.0] AndroidManifest.xml:35:13-37:85
289                android:name="com.google.firebase.components:com.google.firebase.FirebaseCommonKtxRegistrar"
289-->[com.google.firebase:firebase-common:21.0.0] AndroidManifest.xml:36:17-109
290                android:value="com.google.firebase.components.ComponentRegistrar" />
290-->[com.google.firebase:firebase-common:21.0.0] AndroidManifest.xml:37:17-82
291            <meta-data
291-->[com.google.firebase:firebase-datatransport:19.0.0] AndroidManifest.xml:25:13-27:85
292                android:name="com.google.firebase.components:com.google.firebase.datatransport.TransportRegistrar"
292-->[com.google.firebase:firebase-datatransport:19.0.0] AndroidManifest.xml:26:17-115
293                android:value="com.google.firebase.components.ComponentRegistrar" />
293-->[com.google.firebase:firebase-datatransport:19.0.0] AndroidManifest.xml:27:17-82
294        </service>
295        <service
295-->[:firebase_messaging] AndroidManifest.xml:14:9-17:72
296            android:name="io.flutter.plugins.firebase.messaging.FlutterFirebaseMessagingBackgroundService"
296-->[:firebase_messaging] AndroidManifest.xml:15:13-107
297            android:exported="false"
297-->[:firebase_messaging] AndroidManifest.xml:16:13-37
298            android:permission="android.permission.BIND_JOB_SERVICE" />
298-->[:firebase_messaging] AndroidManifest.xml:17:13-69
299        <service
299-->[:firebase_messaging] AndroidManifest.xml:18:9-24:19
300            android:name="io.flutter.plugins.firebase.messaging.FlutterFirebaseMessagingService"
300-->[:firebase_messaging] AndroidManifest.xml:19:13-97
301            android:exported="false" >
301-->[:firebase_messaging] AndroidManifest.xml:20:13-37
302            <intent-filter>
302-->[:firebase_messaging] AndroidManifest.xml:21:13-23:29
303                <action android:name="com.google.firebase.MESSAGING_EVENT" />
303-->[:firebase_messaging] AndroidManifest.xml:22:17-78